State 7 conflicts: 1 shift/reduce
State 26 conflicts: 3 shift/reduce
State 43 conflicts: 3 shift/reduce
State 45 conflicts: 11 shift/reduce
State 68 conflicts: 1 shift/reduce
State 76 conflicts: 1 shift/reduce
State 77 conflicts: 11 shift/reduce
State 97 conflicts: 1 shift/reduce
State 129 conflicts: 8 shift/reduce


Grammar

    0 $accept: Program $end

    1 Program: ExtDefList

    2 ExtDefList: ExtDef ExtDefList
    3           | %empty

    4 ExtDef: Specifier ExtDecList SEMI
    5       | Specifier SEMI
    6       | Specifier FunDec CompSt
    7       | Specifier ExtDecList
    8       | Specifier
    9       | Specifier error SEMI
   10       | error FunDec CompSt

   11 ExtDecList: VarDec
   12           | VarDec COMMA ExtDecList

   13 Specifier: TYPE
   14          | StructSpecifier

   15 StructSpecifier: STRUCT OptTag LC DefList RC
   16                | STRUCT Tag
   17                | STRUCT error RC
   18                | error OptTag LC DefList RC

   19 OptTag: ID
   20       | %empty

   21 Tag: ID

   22 VarDec: ID
   23       | VarDec LB INT RB
   24       | VarDec LB error RB

   25 FunDec: ID LP VarList RP
   26       | ID LP RP
   27       | ID LP error RP

   28 VarList: ParamDec COMMA VarList
   29        | ParamDec

   30 ParamDec: Specifier VarDec

   31 CompSt: LC DefList StmtList RC
   32       | LC error RC
   33       | LC DefList StmtList

   34 StmtList: Stmt StmtList
   35         | %empty

   36 Stmt: Exp SEMI
   37     | CompSt
   38     | RETURN Exp SEMI
   39     | IF LP Exp RP Stmt
   40     | IF LP Exp RP Stmt ELSE Stmt
   41     | IF error ELSE Stmt
   42     | WHILE LP Exp RP Stmt
   43     | WHILE error RP Stmt
   44     | WHILE error RP
   45     | RETURN error SEMI
   46     | RETURN Exp
   47     | error SEMI
   48     | Exp error

   49 DefList: Def DefList
   50        | %empty

   51 Def: Specifier DecList SEMI
   52    | Specifier error SEMI
   53    | error DecList SEMI
   54    | Specifier DecList

   55 DecList: Dec
   56        | Dec COMMA DecList

   57 Dec: VarDec
   58    | VarDec ASSIGNOP Exp

   59 Exp: Exp ASSIGNOP Exp
   60    | Exp AND Exp
   61    | Exp OR Exp
   62    | Exp RELOP Exp
   63    | Exp PLUS Exp
   64    | Exp MINUS Exp
   65    | Exp STAR Exp
   66    | Exp DIV Exp
   67    | LP Exp RP
   68    | MINUS Exp
   69    | NOT Exp
   70    | ID LP Args RP
   71    | ID LP RP
   72    | Exp LB Exp RB
   73    | Exp DOT ID
   74    | ID
   75    | INT
   76    | FLOAT
   77    | Exp ASSIGNOP error SEMI
   78    | Exp AND error SEMI
   79    | Exp OR error SEMI
   80    | Exp RELOP error SEMI
   81    | Exp PLUS error SEMI
   82    | Exp MINUS error SEMI
   83    | Exp STAR error SEMI
   84    | Exp DIV error SEMI
   85    | MINUS error SEMI
   86    | NOT error SEMI
   87    | ID LP error SEMI
   88    | ID LP error RP
   89    | Exp LB error RB

   90 Args: Exp COMMA Args
   91     | Exp


Terminals, with rules where they appear

$end (0) 0
error (256) 9 10 17 18 24 27 32 41 43 44 45 47 48 52 53 77 78 79 80
    81 82 83 84 85 86 87 88 89
INT (258) 23 75
FLOAT (259) 76
ID (260) 19 21 22 25 26 27 70 71 73 74 87 88
SEMI (261) 4 5 9 36 38 45 47 51 52 53 77 78 79 80 81 82 83 84 85 86
    87
COMMA (262) 12 28 56 90
ASSIGNOP (263) 58 59 77
RELOP (264) 62 80
PLUS (265) 63 81
MINUS (266) 64 68 82 85
STAR (267) 65 83
DIV (268) 66 84
AND (269) 60 78
OR (270) 61 79
DOT (271) 73
NOT (272) 69 86
TYPE (273) 13
LP (274) 25 26 27 39 40 42 67 70 71 87 88
RP (275) 25 26 27 39 40 42 43 44 67 70 71 88
LB (276) 23 24 72 89
RB (277) 23 24 72 89
LC (278) 15 18 31 32 33
RC (279) 15 17 18 31 32
STRUCT (280) 15 16 17
RETURN (281) 38 45 46
IF (282) 39 40 41
ELSE (283) 40 41
WHILE (284) 42 43 44
NEG (285)
LOWER_THAN_ELSE (286)


Nonterminals, with rules where they appear

$accept (32)
    on left: 0
Program (33)
    on left: 1, on right: 0
ExtDefList (34)
    on left: 2 3, on right: 1 2
ExtDef (35)
    on left: 4 5 6 7 8 9 10, on right: 2
ExtDecList (36)
    on left: 11 12, on right: 4 7 12
Specifier (37)
    on left: 13 14, on right: 4 5 6 7 8 9 30 51 52 54
StructSpecifier (38)
    on left: 15 16 17 18, on right: 14
OptTag (39)
    on left: 19 20, on right: 15 18
Tag (40)
    on left: 21, on right: 16
VarDec (41)
    on left: 22 23 24, on right: 11 12 23 24 30 57 58
FunDec (42)
    on left: 25 26 27, on right: 6 10
VarList (43)
    on left: 28 29, on right: 25 28
ParamDec (44)
    on left: 30, on right: 28 29
CompSt (45)
    on left: 31 32 33, on right: 6 10 37
StmtList (46)
    on left: 34 35, on right: 31 33 34
Stmt (47)
    on left: 36 37 38 39 40 41 42 43 44 45 46 47 48, on right: 34 39
    40 41 42 43
DefList (48)
    on left: 49 50, on right: 15 18 31 33 49
Def (49)
    on left: 51 52 53 54, on right: 49
DecList (50)
    on left: 55 56, on right: 51 53 54 56
Dec (51)
    on left: 57 58, on right: 55 56
Exp (52)
    on left: 59 60 61 62 63 64 65 66 67 68 69 70 71 72 73 74 75 76
    77 78 79 80 81 82 83 84 85 86 87 88 89, on right: 36 38 39 40 42
    46 48 58 59 60 61 62 63 64 65 66 67 68 69 72 73 77 78 79 80 81
    82 83 84 89 90 91
Args (53)
    on left: 90 91, on right: 70 90


State 0

    0 $accept: . Program $end

    error   shift, and go to state 1
    TYPE    shift, and go to state 2
    STRUCT  shift, and go to state 3

    $end  reduce using rule 3 (ExtDefList)

    Program          go to state 4
    ExtDefList       go to state 5
    ExtDef           go to state 6
    Specifier        go to state 7
    StructSpecifier  go to state 8


State 1

   10 ExtDef: error . FunDec CompSt
   18 StructSpecifier: error . OptTag LC DefList RC

    ID  shift, and go to state 9

    $default  reduce using rule 20 (OptTag)

    OptTag  go to state 10
    FunDec  go to state 11


State 2

   13 Specifier: TYPE .

    $default  reduce using rule 13 (Specifier)


State 3

   15 StructSpecifier: STRUCT . OptTag LC DefList RC
   16                | STRUCT . Tag
   17                | STRUCT . error RC

    error  shift, and go to state 12
    ID     shift, and go to state 13

    LC  reduce using rule 20 (OptTag)

    OptTag  go to state 14
    Tag     go to state 15


State 4

    0 $accept: Program . $end

    $end  shift, and go to state 16


State 5

    1 Program: ExtDefList .

    $default  reduce using rule 1 (Program)


State 6

    2 ExtDefList: ExtDef . ExtDefList

    error   shift, and go to state 1
    TYPE    shift, and go to state 2
    STRUCT  shift, and go to state 3

    $end  reduce using rule 3 (ExtDefList)

    ExtDefList       go to state 17
    ExtDef           go to state 6
    Specifier        go to state 7
    StructSpecifier  go to state 8


State 7

    4 ExtDef: Specifier . ExtDecList SEMI
    5       | Specifier . SEMI
    6       | Specifier . FunDec CompSt
    7       | Specifier . ExtDecList
    8       | Specifier .
    9       | Specifier . error SEMI

    error  shift, and go to state 18
    ID     shift, and go to state 19
    SEMI   shift, and go to state 20

    $end    reduce using rule 8 (ExtDef)
    error   [reduce using rule 8 (ExtDef)]
    TYPE    reduce using rule 8 (ExtDef)
    STRUCT  reduce using rule 8 (ExtDef)

    ExtDecList  go to state 21
    VarDec      go to state 22
    FunDec      go to state 23


State 8

   14 Specifier: StructSpecifier .

    $default  reduce using rule 14 (Specifier)


State 9

   19 OptTag: ID .
   25 FunDec: ID . LP VarList RP
   26       | ID . LP RP
   27       | ID . LP error RP

    LP  shift, and go to state 24

    $default  reduce using rule 19 (OptTag)


State 10

   18 StructSpecifier: error OptTag . LC DefList RC

    LC  shift, and go to state 25


State 11

   10 ExtDef: error FunDec . CompSt

    LC  shift, and go to state 26

    CompSt  go to state 27


State 12

   17 StructSpecifier: STRUCT error . RC

    RC  shift, and go to state 28


State 13

   19 OptTag: ID .
   21 Tag: ID .

    LC        reduce using rule 19 (OptTag)
    $default  reduce using rule 21 (Tag)


State 14

   15 StructSpecifier: STRUCT OptTag . LC DefList RC

    LC  shift, and go to state 29


State 15

   16 StructSpecifier: STRUCT Tag .

    $default  reduce using rule 16 (StructSpecifier)


State 16

    0 $accept: Program $end .

    $default  accept


State 17

    2 ExtDefList: ExtDef ExtDefList .

    $default  reduce using rule 2 (ExtDefList)


State 18

    9 ExtDef: Specifier error . SEMI

    SEMI  shift, and go to state 30


State 19

   22 VarDec: ID .
   25 FunDec: ID . LP VarList RP
   26       | ID . LP RP
   27       | ID . LP error RP

    LP  shift, and go to state 24

    $default  reduce using rule 22 (VarDec)


State 20

    5 ExtDef: Specifier SEMI .

    $default  reduce using rule 5 (ExtDef)


State 21

    4 ExtDef: Specifier ExtDecList . SEMI
    7       | Specifier ExtDecList .

    SEMI  shift, and go to state 31

    $default  reduce using rule 7 (ExtDef)


State 22

   11 ExtDecList: VarDec .
   12           | VarDec . COMMA ExtDecList
   23 VarDec: VarDec . LB INT RB
   24       | VarDec . LB error RB

    COMMA  shift, and go to state 32
    LB     shift, and go to state 33

    $default  reduce using rule 11 (ExtDecList)


State 23

    6 ExtDef: Specifier FunDec . CompSt

    LC  shift, and go to state 26

    CompSt  go to state 34


State 24

   25 FunDec: ID LP . VarList RP
   26       | ID LP . RP
   27       | ID LP . error RP

    error   shift, and go to state 35
    TYPE    shift, and go to state 2
    RP      shift, and go to state 36
    STRUCT  shift, and go to state 3

    Specifier        go to state 37
    StructSpecifier  go to state 8
    VarList          go to state 38
    ParamDec         go to state 39


State 25

   18 StructSpecifier: error OptTag LC . DefList RC

    error   shift, and go to state 40
    TYPE    shift, and go to state 2
    STRUCT  shift, and go to state 3

    RC  reduce using rule 50 (DefList)

    Specifier        go to state 41
    StructSpecifier  go to state 8
    DefList          go to state 42
    Def              go to state 43


State 26

   31 CompSt: LC . DefList StmtList RC
   32       | LC . error RC
   33       | LC . DefList StmtList

    error   shift, and go to state 44
    TYPE    shift, and go to state 2
    STRUCT  shift, and go to state 3

    $end    reduce using rule 50 (DefList)
    error   [reduce using rule 50 (DefList)]
    INT     reduce using rule 50 (DefList)
    FLOAT   reduce using rule 50 (DefList)
    ID      reduce using rule 50 (DefList)
    MINUS   reduce using rule 50 (DefList)
    NOT     reduce using rule 50 (DefList)
    TYPE    [reduce using rule 50 (DefList)]
    LP      reduce using rule 50 (DefList)
    LC      reduce using rule 50 (DefList)
    RC      reduce using rule 50 (DefList)
    STRUCT  [reduce using rule 50 (DefList)]
    RETURN  reduce using rule 50 (DefList)
    IF      reduce using rule 50 (DefList)
    ELSE    reduce using rule 50 (DefList)
    WHILE   reduce using rule 50 (DefList)

    Specifier        go to state 41
    StructSpecifier  go to state 8
    DefList          go to state 45
    Def              go to state 43


State 27

   10 ExtDef: error FunDec CompSt .

    $default  reduce using rule 10 (ExtDef)


State 28

   17 StructSpecifier: STRUCT error RC .

    $default  reduce using rule 17 (StructSpecifier)


State 29

   15 StructSpecifier: STRUCT OptTag LC . DefList RC

    error   shift, and go to state 40
    TYPE    shift, and go to state 2
    STRUCT  shift, and go to state 3

    RC  reduce using rule 50 (DefList)

    Specifier        go to state 41
    StructSpecifier  go to state 8
    DefList          go to state 46
    Def              go to state 43


State 30

    9 ExtDef: Specifier error SEMI .

    $default  reduce using rule 9 (ExtDef)


State 31

    4 ExtDef: Specifier ExtDecList SEMI .

    $default  reduce using rule 4 (ExtDef)


State 32

   12 ExtDecList: VarDec COMMA . ExtDecList

    ID  shift, and go to state 47

    ExtDecList  go to state 48
    VarDec      go to state 22


State 33

   23 VarDec: VarDec LB . INT RB
   24       | VarDec LB . error RB

    error  shift, and go to state 49
    INT    shift, and go to state 50


State 34

    6 ExtDef: Specifier FunDec CompSt .

    $default  reduce using rule 6 (ExtDef)


State 35

   18 StructSpecifier: error . OptTag LC DefList RC
   27 FunDec: ID LP error . RP

    ID  shift, and go to state 51
    RP  shift, and go to state 52

    $default  reduce using rule 20 (OptTag)

    OptTag  go to state 10


State 36

   26 FunDec: ID LP RP .

    $default  reduce using rule 26 (FunDec)


State 37

   30 ParamDec: Specifier . VarDec

    ID  shift, and go to state 47

    VarDec  go to state 53


State 38

   25 FunDec: ID LP VarList . RP

    RP  shift, and go to state 54


State 39

   28 VarList: ParamDec . COMMA VarList
   29        | ParamDec .

    COMMA  shift, and go to state 55

    $default  reduce using rule 29 (VarList)


State 40

   18 StructSpecifier: error . OptTag LC DefList RC
   53 Def: error . DecList SEMI

    ID  shift, and go to state 56

    $default  reduce using rule 20 (OptTag)

    OptTag   go to state 10
    VarDec   go to state 57
    DecList  go to state 58
    Dec      go to state 59


State 41

   51 Def: Specifier . DecList SEMI
   52    | Specifier . error SEMI
   54    | Specifier . DecList

    error  shift, and go to state 60
    ID     shift, and go to state 47

    VarDec   go to state 57
    DecList  go to state 61
    Dec      go to state 59


State 42

   18 StructSpecifier: error OptTag LC DefList . RC

    RC  shift, and go to state 62


State 43

   49 DefList: Def . DefList

    error   shift, and go to state 40
    TYPE    shift, and go to state 2
    STRUCT  shift, and go to state 3

    $end    reduce using rule 50 (DefList)
    error   [reduce using rule 50 (DefList)]
    INT     reduce using rule 50 (DefList)
    FLOAT   reduce using rule 50 (DefList)
    ID      reduce using rule 50 (DefList)
    MINUS   reduce using rule 50 (DefList)
    NOT     reduce using rule 50 (DefList)
    TYPE    [reduce using rule 50 (DefList)]
    LP      reduce using rule 50 (DefList)
    LC      reduce using rule 50 (DefList)
    RC      reduce using rule 50 (DefList)
    STRUCT  [reduce using rule 50 (DefList)]
    RETURN  reduce using rule 50 (DefList)
    IF      reduce using rule 50 (DefList)
    ELSE    reduce using rule 50 (DefList)
    WHILE   reduce using rule 50 (DefList)

    Specifier        go to state 41
    StructSpecifier  go to state 8
    DefList          go to state 63
    Def              go to state 43


State 44

   18 StructSpecifier: error . OptTag LC DefList RC
   32 CompSt: LC error . RC
   53 Def: error . DecList SEMI

    ID  shift, and go to state 56
    RC  shift, and go to state 64

    $default  reduce using rule 20 (OptTag)

    OptTag   go to state 10
    VarDec   go to state 57
    DecList  go to state 58
    Dec      go to state 59


State 45

   31 CompSt: LC DefList . StmtList RC
   33       | LC DefList . StmtList

    error   shift, and go to state 65
    INT     shift, and go to state 66
    FLOAT   shift, and go to state 67
    ID      shift, and go to state 68
    MINUS   shift, and go to state 69
    NOT     shift, and go to state 70
    LP      shift, and go to state 71
    LC      shift, and go to state 26
    RETURN  shift, and go to state 72
    IF      shift, and go to state 73
    WHILE   shift, and go to state 74

    $end    reduce using rule 35 (StmtList)
    error   [reduce using rule 35 (StmtList)]
    INT     [reduce using rule 35 (StmtList)]
    FLOAT   [reduce using rule 35 (StmtList)]
    ID      [reduce using rule 35 (StmtList)]
    MINUS   [reduce using rule 35 (StmtList)]
    NOT     [reduce using rule 35 (StmtList)]
    TYPE    reduce using rule 35 (StmtList)
    LP      [reduce using rule 35 (StmtList)]
    LC      [reduce using rule 35 (StmtList)]
    RC      reduce using rule 35 (StmtList)
    STRUCT  reduce using rule 35 (StmtList)
    RETURN  [reduce using rule 35 (StmtList)]
    IF      [reduce using rule 35 (StmtList)]
    ELSE    reduce using rule 35 (StmtList)
    WHILE   [reduce using rule 35 (StmtList)]

    CompSt    go to state 75
    StmtList  go to state 76
    Stmt      go to state 77
    Exp       go to state 78


State 46

   15 StructSpecifier: STRUCT OptTag LC DefList . RC

    RC  shift, and go to state 79


State 47

   22 VarDec: ID .

    $default  reduce using rule 22 (VarDec)


State 48

   12 ExtDecList: VarDec COMMA ExtDecList .

    $default  reduce using rule 12 (ExtDecList)


State 49

   24 VarDec: VarDec LB error . RB

    RB  shift, and go to state 80


State 50

   23 VarDec: VarDec LB INT . RB

    RB  shift, and go to state 81


State 51

   19 OptTag: ID .

    $default  reduce using rule 19 (OptTag)


State 52

   27 FunDec: ID LP error RP .

    $default  reduce using rule 27 (FunDec)


State 53

   23 VarDec: VarDec . LB INT RB
   24       | VarDec . LB error RB
   30 ParamDec: Specifier VarDec .

    LB  shift, and go to state 33

    $default  reduce using rule 30 (ParamDec)


State 54

   25 FunDec: ID LP VarList RP .

    $default  reduce using rule 25 (FunDec)


State 55

   28 VarList: ParamDec COMMA . VarList

    error   shift, and go to state 82
    TYPE    shift, and go to state 2
    STRUCT  shift, and go to state 3

    Specifier        go to state 37
    StructSpecifier  go to state 8
    VarList          go to state 83
    ParamDec         go to state 39


State 56

   19 OptTag: ID .
   22 VarDec: ID .

    LC        reduce using rule 19 (OptTag)
    $default  reduce using rule 22 (VarDec)


State 57

   23 VarDec: VarDec . LB INT RB
   24       | VarDec . LB error RB
   57 Dec: VarDec .
   58    | VarDec . ASSIGNOP Exp

    ASSIGNOP  shift, and go to state 84
    LB        shift, and go to state 33

    $default  reduce using rule 57 (Dec)


State 58

   53 Def: error DecList . SEMI

    SEMI  shift, and go to state 85


State 59

   55 DecList: Dec .
   56        | Dec . COMMA DecList

    COMMA  shift, and go to state 86

    $default  reduce using rule 55 (DecList)


State 60

   52 Def: Specifier error . SEMI

    SEMI  shift, and go to state 87


State 61

   51 Def: Specifier DecList . SEMI
   54    | Specifier DecList .

    SEMI  shift, and go to state 88

    $default  reduce using rule 54 (Def)


State 62

   18 StructSpecifier: error OptTag LC DefList RC .

    $default  reduce using rule 18 (StructSpecifier)


State 63

   49 DefList: Def DefList .

    $default  reduce using rule 49 (DefList)


State 64

   32 CompSt: LC error RC .

    $default  reduce using rule 32 (CompSt)


State 65

   47 Stmt: error . SEMI

    SEMI  shift, and go to state 89


State 66

   75 Exp: INT .

    $default  reduce using rule 75 (Exp)


State 67

   76 Exp: FLOAT .

    $default  reduce using rule 76 (Exp)


State 68

   70 Exp: ID . LP Args RP
   71    | ID . LP RP
   74    | ID .
   87    | ID . LP error SEMI
   88    | ID . LP error RP

    LP  shift, and go to state 90

    LP        [reduce using rule 74 (Exp)]
    $default  reduce using rule 74 (Exp)


State 69

   68 Exp: MINUS . Exp
   85    | MINUS . error SEMI

    error  shift, and go to state 91
    INT    shift, and go to state 66
    FLOAT  shift, and go to state 67
    ID     shift, and go to state 68
    MINUS  shift, and go to state 69
    NOT    shift, and go to state 70
    LP     shift, and go to state 71

    Exp  go to state 92


State 70

   69 Exp: NOT . Exp
   86    | NOT . error SEMI

    error  shift, and go to state 93
    INT    shift, and go to state 66
    FLOAT  shift, and go to state 67
    ID     shift, and go to state 68
    MINUS  shift, and go to state 69
    NOT    shift, and go to state 70
    LP     shift, and go to state 71

    Exp  go to state 94


State 71

   67 Exp: LP . Exp RP

    INT    shift, and go to state 66
    FLOAT  shift, and go to state 67
    ID     shift, and go to state 68
    MINUS  shift, and go to state 69
    NOT    shift, and go to state 70
    LP     shift, and go to state 71

    Exp  go to state 95


State 72

   38 Stmt: RETURN . Exp SEMI
   45     | RETURN . error SEMI
   46     | RETURN . Exp

    error  shift, and go to state 96
    INT    shift, and go to state 66
    FLOAT  shift, and go to state 67
    ID     shift, and go to state 68
    MINUS  shift, and go to state 69
    NOT    shift, and go to state 70
    LP     shift, and go to state 71

    Exp  go to state 97


State 73

   39 Stmt: IF . LP Exp RP Stmt
   40     | IF . LP Exp RP Stmt ELSE Stmt
   41     | IF . error ELSE Stmt

    error  shift, and go to state 98
    LP     shift, and go to state 99


State 74

   42 Stmt: WHILE . LP Exp RP Stmt
   43     | WHILE . error RP Stmt
   44     | WHILE . error RP

    error  shift, and go to state 100
    LP     shift, and go to state 101


State 75

   37 Stmt: CompSt .

    $default  reduce using rule 37 (Stmt)


State 76

   31 CompSt: LC DefList StmtList . RC
   33       | LC DefList StmtList .

    RC  shift, and go to state 102

    RC        [reduce using rule 33 (CompSt)]
    $default  reduce using rule 33 (CompSt)


State 77

   34 StmtList: Stmt . StmtList

    error   shift, and go to state 65
    INT     shift, and go to state 66
    FLOAT   shift, and go to state 67
    ID      shift, and go to state 68
    MINUS   shift, and go to state 69
    NOT     shift, and go to state 70
    LP      shift, and go to state 71
    LC      shift, and go to state 26
    RETURN  shift, and go to state 72
    IF      shift, and go to state 73
    WHILE   shift, and go to state 74

    $end    reduce using rule 35 (StmtList)
    error   [reduce using rule 35 (StmtList)]
    INT     [reduce using rule 35 (StmtList)]
    FLOAT   [reduce using rule 35 (StmtList)]
    ID      [reduce using rule 35 (StmtList)]
    MINUS   [reduce using rule 35 (StmtList)]
    NOT     [reduce using rule 35 (StmtList)]
    TYPE    reduce using rule 35 (StmtList)
    LP      [reduce using rule 35 (StmtList)]
    LC      [reduce using rule 35 (StmtList)]
    RC      reduce using rule 35 (StmtList)
    STRUCT  reduce using rule 35 (StmtList)
    RETURN  [reduce using rule 35 (StmtList)]
    IF      [reduce using rule 35 (StmtList)]
    ELSE    reduce using rule 35 (StmtList)
    WHILE   [reduce using rule 35 (StmtList)]

    CompSt    go to state 75
    StmtList  go to state 103
    Stmt      go to state 77
    Exp       go to state 78


State 78

   36 Stmt: Exp . SEMI
   48     | Exp . error
   59 Exp: Exp . ASSIGNOP Exp
   60    | Exp . AND Exp
   61    | Exp . OR Exp
   62    | Exp . RELOP Exp
   63    | Exp . PLUS Exp
   64    | Exp . MINUS Exp
   65    | Exp . STAR Exp
   66    | Exp . DIV Exp
   72    | Exp . LB Exp RB
   73    | Exp . DOT ID
   77    | Exp . ASSIGNOP error SEMI
   78    | Exp . AND error SEMI
   79    | Exp . OR error SEMI
   80    | Exp . RELOP error SEMI
   81    | Exp . PLUS error SEMI
   82    | Exp . MINUS error SEMI
   83    | Exp . STAR error SEMI
   84    | Exp . DIV error SEMI
   89    | Exp . LB error RB

    error     shift, and go to state 104
    SEMI      shift, and go to state 105
    ASSIGNOP  shift, and go to state 106
    RELOP     shift, and go to state 107
    PLUS      shift, and go to state 108
    MINUS     shift, and go to state 109
    STAR      shift, and go to state 110
    DIV       shift, and go to state 111
    AND       shift, and go to state 112
    OR        shift, and go to state 113
    DOT       shift, and go to state 114
    LB        shift, and go to state 115


State 79

   15 StructSpecifier: STRUCT OptTag LC DefList RC .

    $default  reduce using rule 15 (StructSpecifier)


State 80

   24 VarDec: VarDec LB error RB .

    $default  reduce using rule 24 (VarDec)


State 81

   23 VarDec: VarDec LB INT RB .

    $default  reduce using rule 23 (VarDec)


State 82

   18 StructSpecifier: error . OptTag LC DefList RC

    ID  shift, and go to state 51

    $default  reduce using rule 20 (OptTag)

    OptTag  go to state 10


State 83

   28 VarList: ParamDec COMMA VarList .

    $default  reduce using rule 28 (VarList)


State 84

   58 Dec: VarDec ASSIGNOP . Exp

    INT    shift, and go to state 66
    FLOAT  shift, and go to state 67
    ID     shift, and go to state 68
    MINUS  shift, and go to state 69
    NOT    shift, and go to state 70
    LP     shift, and go to state 71

    Exp  go to state 116


State 85

   53 Def: error DecList SEMI .

    $default  reduce using rule 53 (Def)


State 86

   56 DecList: Dec COMMA . DecList

    ID  shift, and go to state 47

    VarDec   go to state 57
    DecList  go to state 117
    Dec      go to state 59


State 87

   52 Def: Specifier error SEMI .

    $default  reduce using rule 52 (Def)


State 88

   51 Def: Specifier DecList SEMI .

    $default  reduce using rule 51 (Def)


State 89

   47 Stmt: error SEMI .

    $default  reduce using rule 47 (Stmt)


State 90

   70 Exp: ID LP . Args RP
   71    | ID LP . RP
   87    | ID LP . error SEMI
   88    | ID LP . error RP

    error  shift, and go to state 118
    INT    shift, and go to state 66
    FLOAT  shift, and go to state 67
    ID     shift, and go to state 68
    MINUS  shift, and go to state 69
    NOT    shift, and go to state 70
    LP     shift, and go to state 71
    RP     shift, and go to state 119

    Exp   go to state 120
    Args  go to state 121


State 91

   85 Exp: MINUS error . SEMI

    SEMI  shift, and go to state 122


State 92

   59 Exp: Exp . ASSIGNOP Exp
   60    | Exp . AND Exp
   61    | Exp . OR Exp
   62    | Exp . RELOP Exp
   63    | Exp . PLUS Exp
   64    | Exp . MINUS Exp
   65    | Exp . STAR Exp
   66    | Exp . DIV Exp
   68    | MINUS Exp .
   72    | Exp . LB Exp RB
   73    | Exp . DOT ID
   77    | Exp . ASSIGNOP error SEMI
   78    | Exp . AND error SEMI
   79    | Exp . OR error SEMI
   80    | Exp . RELOP error SEMI
   81    | Exp . PLUS error SEMI
   82    | Exp . MINUS error SEMI
   83    | Exp . STAR error SEMI
   84    | Exp . DIV error SEMI
   89    | Exp . LB error RB

    DOT  shift, and go to state 114
    LB   shift, and go to state 115

    $default  reduce using rule 68 (Exp)


State 93

   86 Exp: NOT error . SEMI

    SEMI  shift, and go to state 123


State 94

   59 Exp: Exp . ASSIGNOP Exp
   60    | Exp . AND Exp
   61    | Exp . OR Exp
   62    | Exp . RELOP Exp
   63    | Exp . PLUS Exp
   64    | Exp . MINUS Exp
   65    | Exp . STAR Exp
   66    | Exp . DIV Exp
   69    | NOT Exp .
   72    | Exp . LB Exp RB
   73    | Exp . DOT ID
   77    | Exp . ASSIGNOP error SEMI
   78    | Exp . AND error SEMI
   79    | Exp . OR error SEMI
   80    | Exp . RELOP error SEMI
   81    | Exp . PLUS error SEMI
   82    | Exp . MINUS error SEMI
   83    | Exp . STAR error SEMI
   84    | Exp . DIV error SEMI
   89    | Exp . LB error RB

    DOT  shift, and go to state 114
    LB   shift, and go to state 115

    $default  reduce using rule 69 (Exp)


State 95

   59 Exp: Exp . ASSIGNOP Exp
   60    | Exp . AND Exp
   61    | Exp . OR Exp
   62    | Exp . RELOP Exp
   63    | Exp . PLUS Exp
   64    | Exp . MINUS Exp
   65    | Exp . STAR Exp
   66    | Exp . DIV Exp
   67    | LP Exp . RP
   72    | Exp . LB Exp RB
   73    | Exp . DOT ID
   77    | Exp . ASSIGNOP error SEMI
   78    | Exp . AND error SEMI
   79    | Exp . OR error SEMI
   80    | Exp . RELOP error SEMI
   81    | Exp . PLUS error SEMI
   82    | Exp . MINUS error SEMI
   83    | Exp . STAR error SEMI
   84    | Exp . DIV error SEMI
   89    | Exp . LB error RB

    ASSIGNOP  shift, and go to state 106
    RELOP     shift, and go to state 107
    PLUS      shift, and go to state 108
    MINUS     shift, and go to state 109
    STAR      shift, and go to state 110
    DIV       shift, and go to state 111
    AND       shift, and go to state 112
    OR        shift, and go to state 113
    DOT       shift, and go to state 114
    RP        shift, and go to state 124
    LB        shift, and go to state 115


State 96

   45 Stmt: RETURN error . SEMI

    SEMI  shift, and go to state 125


State 97

   38 Stmt: RETURN Exp . SEMI
   46     | RETURN Exp .
   59 Exp: Exp . ASSIGNOP Exp
   60    | Exp . AND Exp
   61    | Exp . OR Exp
   62    | Exp . RELOP Exp
   63    | Exp . PLUS Exp
   64    | Exp . MINUS Exp
   65    | Exp . STAR Exp
   66    | Exp . DIV Exp
   72    | Exp . LB Exp RB
   73    | Exp . DOT ID
   77    | Exp . ASSIGNOP error SEMI
   78    | Exp . AND error SEMI
   79    | Exp . OR error SEMI
   80    | Exp . RELOP error SEMI
   81    | Exp . PLUS error SEMI
   82    | Exp . MINUS error SEMI
   83    | Exp . STAR error SEMI
   84    | Exp . DIV error SEMI
   89    | Exp . LB error RB

    SEMI      shift, and go to state 126
    ASSIGNOP  shift, and go to state 106
    RELOP     shift, and go to state 107
    PLUS      shift, and go to state 108
    MINUS     shift, and go to state 109
    STAR      shift, and go to state 110
    DIV       shift, and go to state 111
    AND       shift, and go to state 112
    OR        shift, and go to state 113
    DOT       shift, and go to state 114
    LB        shift, and go to state 115

    MINUS     [reduce using rule 46 (Stmt)]
    $default  reduce using rule 46 (Stmt)


State 98

   41 Stmt: IF error . ELSE Stmt

    ELSE  shift, and go to state 127


State 99

   39 Stmt: IF LP . Exp RP Stmt
   40     | IF LP . Exp RP Stmt ELSE Stmt

    INT    shift, and go to state 66
    FLOAT  shift, and go to state 67
    ID     shift, and go to state 68
    MINUS  shift, and go to state 69
    NOT    shift, and go to state 70
    LP     shift, and go to state 71

    Exp  go to state 128


State 100

   43 Stmt: WHILE error . RP Stmt
   44     | WHILE error . RP

    RP  shift, and go to state 129


State 101

   42 Stmt: WHILE LP . Exp RP Stmt

    INT    shift, and go to state 66
    FLOAT  shift, and go to state 67
    ID     shift, and go to state 68
    MINUS  shift, and go to state 69
    NOT    shift, and go to state 70
    LP     shift, and go to state 71

    Exp  go to state 130


State 102

   31 CompSt: LC DefList StmtList RC .

    $default  reduce using rule 31 (CompSt)


State 103

   34 StmtList: Stmt StmtList .

    $default  reduce using rule 34 (StmtList)


State 104

   48 Stmt: Exp error .

    $default  reduce using rule 48 (Stmt)


State 105

   36 Stmt: Exp SEMI .

    $default  reduce using rule 36 (Stmt)


State 106

   59 Exp: Exp ASSIGNOP . Exp
   77    | Exp ASSIGNOP . error SEMI

    error  shift, and go to state 131
    INT    shift, and go to state 66
    FLOAT  shift, and go to state 67
    ID     shift, and go to state 68
    MINUS  shift, and go to state 69
    NOT    shift, and go to state 70
    LP     shift, and go to state 71

    Exp  go to state 132


State 107

   62 Exp: Exp RELOP . Exp
   80    | Exp RELOP . error SEMI

    error  shift, and go to state 133
    INT    shift, and go to state 66
    FLOAT  shift, and go to state 67
    ID     shift, and go to state 68
    MINUS  shift, and go to state 69
    NOT    shift, and go to state 70
    LP     shift, and go to state 71

    Exp  go to state 134


State 108

   63 Exp: Exp PLUS . Exp
   81    | Exp PLUS . error SEMI

    error  shift, and go to state 135
    INT    shift, and go to state 66
    FLOAT  shift, and go to state 67
    ID     shift, and go to state 68
    MINUS  shift, and go to state 69
    NOT    shift, and go to state 70
    LP     shift, and go to state 71

    Exp  go to state 136


State 109

   64 Exp: Exp MINUS . Exp
   82    | Exp MINUS . error SEMI

    error  shift, and go to state 137
    INT    shift, and go to state 66
    FLOAT  shift, and go to state 67
    ID     shift, and go to state 68
    MINUS  shift, and go to state 69
    NOT    shift, and go to state 70
    LP     shift, and go to state 71

    Exp  go to state 138


State 110

   65 Exp: Exp STAR . Exp
   83    | Exp STAR . error SEMI

    error  shift, and go to state 139
    INT    shift, and go to state 66
    FLOAT  shift, and go to state 67
    ID     shift, and go to state 68
    MINUS  shift, and go to state 69
    NOT    shift, and go to state 70
    LP     shift, and go to state 71

    Exp  go to state 140


State 111

   66 Exp: Exp DIV . Exp
   84    | Exp DIV . error SEMI

    error  shift, and go to state 141
    INT    shift, and go to state 66
    FLOAT  shift, and go to state 67
    ID     shift, and go to state 68
    MINUS  shift, and go to state 69
    NOT    shift, and go to state 70
    LP     shift, and go to state 71

    Exp  go to state 142


State 112

   60 Exp: Exp AND . Exp
   78    | Exp AND . error SEMI

    error  shift, and go to state 143
    INT    shift, and go to state 66
    FLOAT  shift, and go to state 67
    ID     shift, and go to state 68
    MINUS  shift, and go to state 69
    NOT    shift, and go to state 70
    LP     shift, and go to state 71

    Exp  go to state 144


State 113

   61 Exp: Exp OR . Exp
   79    | Exp OR . error SEMI

    error  shift, and go to state 145
    INT    shift, and go to state 66
    FLOAT  shift, and go to state 67
    ID     shift, and go to state 68
    MINUS  shift, and go to state 69
    NOT    shift, and go to state 70
    LP     shift, and go to state 71

    Exp  go to state 146


State 114

   73 Exp: Exp DOT . ID

    ID  shift, and go to state 147


State 115

   72 Exp: Exp LB . Exp RB
   89    | Exp LB . error RB

    error  shift, and go to state 148
    INT    shift, and go to state 66
    FLOAT  shift, and go to state 67
    ID     shift, and go to state 68
    MINUS  shift, and go to state 69
    NOT    shift, and go to state 70
    LP     shift, and go to state 71

    Exp  go to state 149


State 116

   58 Dec: VarDec ASSIGNOP Exp .
   59 Exp: Exp . ASSIGNOP Exp
   60    | Exp . AND Exp
   61    | Exp . OR Exp
   62    | Exp . RELOP Exp
   63    | Exp . PLUS Exp
   64    | Exp . MINUS Exp
   65    | Exp . STAR Exp
   66    | Exp . DIV Exp
   72    | Exp . LB Exp RB
   73    | Exp . DOT ID
   77    | Exp . ASSIGNOP error SEMI
   78    | Exp . AND error SEMI
   79    | Exp . OR error SEMI
   80    | Exp . RELOP error SEMI
   81    | Exp . PLUS error SEMI
   82    | Exp . MINUS error SEMI
   83    | Exp . STAR error SEMI
   84    | Exp . DIV error SEMI
   89    | Exp . LB error RB

    ASSIGNOP  shift, and go to state 106
    RELOP     shift, and go to state 107
    PLUS      shift, and go to state 108
    MINUS     shift, and go to state 109
    STAR      shift, and go to state 110
    DIV       shift, and go to state 111
    AND       shift, and go to state 112
    OR        shift, and go to state 113
    DOT       shift, and go to state 114
    LB        shift, and go to state 115

    $default  reduce using rule 58 (Dec)


State 117

   56 DecList: Dec COMMA DecList .

    $default  reduce using rule 56 (DecList)


State 118

   87 Exp: ID LP error . SEMI
   88    | ID LP error . RP

    SEMI  shift, and go to state 150
    RP    shift, and go to state 151


State 119

   71 Exp: ID LP RP .

    $default  reduce using rule 71 (Exp)


State 120

   59 Exp: Exp . ASSIGNOP Exp
   60    | Exp . AND Exp
   61    | Exp . OR Exp
   62    | Exp . RELOP Exp
   63    | Exp . PLUS Exp
   64    | Exp . MINUS Exp
   65    | Exp . STAR Exp
   66    | Exp . DIV Exp
   72    | Exp . LB Exp RB
   73    | Exp . DOT ID
   77    | Exp . ASSIGNOP error SEMI
   78    | Exp . AND error SEMI
   79    | Exp . OR error SEMI
   80    | Exp . RELOP error SEMI
   81    | Exp . PLUS error SEMI
   82    | Exp . MINUS error SEMI
   83    | Exp . STAR error SEMI
   84    | Exp . DIV error SEMI
   89    | Exp . LB error RB
   90 Args: Exp . COMMA Args
   91     | Exp .

    COMMA     shift, and go to state 152
    ASSIGNOP  shift, and go to state 106
    RELOP     shift, and go to state 107
    PLUS      shift, and go to state 108
    MINUS     shift, and go to state 109
    STAR      shift, and go to state 110
    DIV       shift, and go to state 111
    AND       shift, and go to state 112
    OR        shift, and go to state 113
    DOT       shift, and go to state 114
    LB        shift, and go to state 115

    $default  reduce using rule 91 (Args)


State 121

   70 Exp: ID LP Args . RP

    RP  shift, and go to state 153


State 122

   85 Exp: MINUS error SEMI .

    $default  reduce using rule 85 (Exp)


State 123

   86 Exp: NOT error SEMI .

    $default  reduce using rule 86 (Exp)


State 124

   67 Exp: LP Exp RP .

    $default  reduce using rule 67 (Exp)


State 125

   45 Stmt: RETURN error SEMI .

    $default  reduce using rule 45 (Stmt)


State 126

   38 Stmt: RETURN Exp SEMI .

    $default  reduce using rule 38 (Stmt)


State 127

   41 Stmt: IF error ELSE . Stmt

    error   shift, and go to state 65
    INT     shift, and go to state 66
    FLOAT   shift, and go to state 67
    ID      shift, and go to state 68
    MINUS   shift, and go to state 69
    NOT     shift, and go to state 70
    LP      shift, and go to state 71
    LC      shift, and go to state 26
    RETURN  shift, and go to state 72
    IF      shift, and go to state 73
    WHILE   shift, and go to state 74

    CompSt  go to state 75
    Stmt    go to state 154
    Exp     go to state 78


State 128

   39 Stmt: IF LP Exp . RP Stmt
   40     | IF LP Exp . RP Stmt ELSE Stmt
   59 Exp: Exp . ASSIGNOP Exp
   60    | Exp . AND Exp
   61    | Exp . OR Exp
   62    | Exp . RELOP Exp
   63    | Exp . PLUS Exp
   64    | Exp . MINUS Exp
   65    | Exp . STAR Exp
   66    | Exp . DIV Exp
   72    | Exp . LB Exp RB
   73    | Exp . DOT ID
   77    | Exp . ASSIGNOP error SEMI
   78    | Exp . AND error SEMI
   79    | Exp . OR error SEMI
   80    | Exp . RELOP error SEMI
   81    | Exp . PLUS error SEMI
   82    | Exp . MINUS error SEMI
   83    | Exp . STAR error SEMI
   84    | Exp . DIV error SEMI
   89    | Exp . LB error RB

    ASSIGNOP  shift, and go to state 106
    RELOP     shift, and go to state 107
    PLUS      shift, and go to state 108
    MINUS     shift, and go to state 109
    STAR      shift, and go to state 110
    DIV       shift, and go to state 111
    AND       shift, and go to state 112
    OR        shift, and go to state 113
    DOT       shift, and go to state 114
    RP        shift, and go to state 155
    LB        shift, and go to state 115


State 129

   43 Stmt: WHILE error RP . Stmt
   44     | WHILE error RP .

    error   shift, and go to state 65
    INT     shift, and go to state 66
    FLOAT   shift, and go to state 67
    ID      shift, and go to state 68
    LC      shift, and go to state 26
    RETURN  shift, and go to state 72
    IF      shift, and go to state 73
    WHILE   shift, and go to state 74

    $end    reduce using rule 44 (Stmt)
    error   [reduce using rule 44 (Stmt)]
    INT     [reduce using rule 44 (Stmt)]
    FLOAT   [reduce using rule 44 (Stmt)]
    ID      [reduce using rule 44 (Stmt)]
    MINUS   reduce using rule 44 (Stmt)
    NOT     reduce using rule 44 (Stmt)
    TYPE    reduce using rule 44 (Stmt)
    LP      reduce using rule 44 (Stmt)
    LC      [reduce using rule 44 (Stmt)]
    RC      reduce using rule 44 (Stmt)
    STRUCT  reduce using rule 44 (Stmt)
    RETURN  [reduce using rule 44 (Stmt)]
    IF      [reduce using rule 44 (Stmt)]
    ELSE    reduce using rule 44 (Stmt)
    WHILE   [reduce using rule 44 (Stmt)]

    CompSt  go to state 75
    Stmt    go to state 156
    Exp     go to state 78


State 130

   42 Stmt: WHILE LP Exp . RP Stmt
   59 Exp: Exp . ASSIGNOP Exp
   60    | Exp . AND Exp
   61    | Exp . OR Exp
   62    | Exp . RELOP Exp
   63    | Exp . PLUS Exp
   64    | Exp . MINUS Exp
   65    | Exp . STAR Exp
   66    | Exp . DIV Exp
   72    | Exp . LB Exp RB
   73    | Exp . DOT ID
   77    | Exp . ASSIGNOP error SEMI
   78    | Exp . AND error SEMI
   79    | Exp . OR error SEMI
   80    | Exp . RELOP error SEMI
   81    | Exp . PLUS error SEMI
   82    | Exp . MINUS error SEMI
   83    | Exp . STAR error SEMI
   84    | Exp . DIV error SEMI
   89    | Exp . LB error RB

    ASSIGNOP  shift, and go to state 106
    RELOP     shift, and go to state 107
    PLUS      shift, and go to state 108
    MINUS     shift, and go to state 109
    STAR      shift, and go to state 110
    DIV       shift, and go to state 111
    AND       shift, and go to state 112
    OR        shift, and go to state 113
    DOT       shift, and go to state 114
    RP        shift, and go to state 157
    LB        shift, and go to state 115


State 131

   77 Exp: Exp ASSIGNOP error . SEMI

    SEMI  shift, and go to state 158


State 132

   59 Exp: Exp . ASSIGNOP Exp
   59    | Exp ASSIGNOP Exp .
   60    | Exp . AND Exp
   61    | Exp . OR Exp
   62    | Exp . RELOP Exp
   63    | Exp . PLUS Exp
   64    | Exp . MINUS Exp
   65    | Exp . STAR Exp
   66    | Exp . DIV Exp
   72    | Exp . LB Exp RB
   73    | Exp . DOT ID
   77    | Exp . ASSIGNOP error SEMI
   78    | Exp . AND error SEMI
   79    | Exp . OR error SEMI
   80    | Exp . RELOP error SEMI
   81    | Exp . PLUS error SEMI
   82    | Exp . MINUS error SEMI
   83    | Exp . STAR error SEMI
   84    | Exp . DIV error SEMI
   89    | Exp . LB error RB

    ASSIGNOP  shift, and go to state 106
    RELOP     shift, and go to state 107
    PLUS      shift, and go to state 108
    MINUS     shift, and go to state 109
    STAR      shift, and go to state 110
    DIV       shift, and go to state 111
    AND       shift, and go to state 112
    OR        shift, and go to state 113
    DOT       shift, and go to state 114
    LB        shift, and go to state 115

    $default  reduce using rule 59 (Exp)


State 133

   80 Exp: Exp RELOP error . SEMI

    SEMI  shift, and go to state 159


State 134

   59 Exp: Exp . ASSIGNOP Exp
   60    | Exp . AND Exp
   61    | Exp . OR Exp
   62    | Exp . RELOP Exp
   62    | Exp RELOP Exp .
   63    | Exp . PLUS Exp
   64    | Exp . MINUS Exp
   65    | Exp . STAR Exp
   66    | Exp . DIV Exp
   72    | Exp . LB Exp RB
   73    | Exp . DOT ID
   77    | Exp . ASSIGNOP error SEMI
   78    | Exp . AND error SEMI
   79    | Exp . OR error SEMI
   80    | Exp . RELOP error SEMI
   81    | Exp . PLUS error SEMI
   82    | Exp . MINUS error SEMI
   83    | Exp . STAR error SEMI
   84    | Exp . DIV error SEMI
   89    | Exp . LB error RB

    PLUS   shift, and go to state 108
    MINUS  shift, and go to state 109
    STAR   shift, and go to state 110
    DIV    shift, and go to state 111
    DOT    shift, and go to state 114
    LB     shift, and go to state 115

    $default  reduce using rule 62 (Exp)


State 135

   81 Exp: Exp PLUS error . SEMI

    SEMI  shift, and go to state 160


State 136

   59 Exp: Exp . ASSIGNOP Exp
   60    | Exp . AND Exp
   61    | Exp . OR Exp
   62    | Exp . RELOP Exp
   63    | Exp . PLUS Exp
   63    | Exp PLUS Exp .
   64    | Exp . MINUS Exp
   65    | Exp . STAR Exp
   66    | Exp . DIV Exp
   72    | Exp . LB Exp RB
   73    | Exp . DOT ID
   77    | Exp . ASSIGNOP error SEMI
   78    | Exp . AND error SEMI
   79    | Exp . OR error SEMI
   80    | Exp . RELOP error SEMI
   81    | Exp . PLUS error SEMI
   82    | Exp . MINUS error SEMI
   83    | Exp . STAR error SEMI
   84    | Exp . DIV error SEMI
   89    | Exp . LB error RB

    STAR  shift, and go to state 110
    DIV   shift, and go to state 111
    DOT   shift, and go to state 114
    LB    shift, and go to state 115

    $default  reduce using rule 63 (Exp)


State 137

   82 Exp: Exp MINUS error . SEMI

    SEMI  shift, and go to state 161


State 138

   59 Exp: Exp . ASSIGNOP Exp
   60    | Exp . AND Exp
   61    | Exp . OR Exp
   62    | Exp . RELOP Exp
   63    | Exp . PLUS Exp
   64    | Exp . MINUS Exp
   64    | Exp MINUS Exp .
   65    | Exp . STAR Exp
   66    | Exp . DIV Exp
   72    | Exp . LB Exp RB
   73    | Exp . DOT ID
   77    | Exp . ASSIGNOP error SEMI
   78    | Exp . AND error SEMI
   79    | Exp . OR error SEMI
   80    | Exp . RELOP error SEMI
   81    | Exp . PLUS error SEMI
   82    | Exp . MINUS error SEMI
   83    | Exp . STAR error SEMI
   84    | Exp . DIV error SEMI
   89    | Exp . LB error RB

    STAR  shift, and go to state 110
    DIV   shift, and go to state 111
    DOT   shift, and go to state 114
    LB    shift, and go to state 115

    $default  reduce using rule 64 (Exp)


State 139

   83 Exp: Exp STAR error . SEMI

    SEMI  shift, and go to state 162


State 140

   59 Exp: Exp . ASSIGNOP Exp
   60    | Exp . AND Exp
   61    | Exp . OR Exp
   62    | Exp . RELOP Exp
   63    | Exp . PLUS Exp
   64    | Exp . MINUS Exp
   65    | Exp . STAR Exp
   65    | Exp STAR Exp .
   66    | Exp . DIV Exp
   72    | Exp . LB Exp RB
   73    | Exp . DOT ID
   77    | Exp . ASSIGNOP error SEMI
   78    | Exp . AND error SEMI
   79    | Exp . OR error SEMI
   80    | Exp . RELOP error SEMI
   81    | Exp . PLUS error SEMI
   82    | Exp . MINUS error SEMI
   83    | Exp . STAR error SEMI
   84    | Exp . DIV error SEMI
   89    | Exp . LB error RB

    DOT  shift, and go to state 114
    LB   shift, and go to state 115

    $default  reduce using rule 65 (Exp)


State 141

   84 Exp: Exp DIV error . SEMI

    SEMI  shift, and go to state 163


State 142

   59 Exp: Exp . ASSIGNOP Exp
   60    | Exp . AND Exp
   61    | Exp . OR Exp
   62    | Exp . RELOP Exp
   63    | Exp . PLUS Exp
   64    | Exp . MINUS Exp
   65    | Exp . STAR Exp
   66    | Exp . DIV Exp
   66    | Exp DIV Exp .
   72    | Exp . LB Exp RB
   73    | Exp . DOT ID
   77    | Exp . ASSIGNOP error SEMI
   78    | Exp . AND error SEMI
   79    | Exp . OR error SEMI
   80    | Exp . RELOP error SEMI
   81    | Exp . PLUS error SEMI
   82    | Exp . MINUS error SEMI
   83    | Exp . STAR error SEMI
   84    | Exp . DIV error SEMI
   89    | Exp . LB error RB

    DOT  shift, and go to state 114
    LB   shift, and go to state 115

    $default  reduce using rule 66 (Exp)


State 143

   78 Exp: Exp AND error . SEMI

    SEMI  shift, and go to state 164


State 144

   59 Exp: Exp . ASSIGNOP Exp
   60    | Exp . AND Exp
   60    | Exp AND Exp .
   61    | Exp . OR Exp
   62    | Exp . RELOP Exp
   63    | Exp . PLUS Exp
   64    | Exp . MINUS Exp
   65    | Exp . STAR Exp
   66    | Exp . DIV Exp
   72    | Exp . LB Exp RB
   73    | Exp . DOT ID
   77    | Exp . ASSIGNOP error SEMI
   78    | Exp . AND error SEMI
   79    | Exp . OR error SEMI
   80    | Exp . RELOP error SEMI
   81    | Exp . PLUS error SEMI
   82    | Exp . MINUS error SEMI
   83    | Exp . STAR error SEMI
   84    | Exp . DIV error SEMI
   89    | Exp . LB error RB

    RELOP  shift, and go to state 107
    PLUS   shift, and go to state 108
    MINUS  shift, and go to state 109
    STAR   shift, and go to state 110
    DIV    shift, and go to state 111
    DOT    shift, and go to state 114
    LB     shift, and go to state 115

    $default  reduce using rule 60 (Exp)


State 145

   79 Exp: Exp OR error . SEMI

    SEMI  shift, and go to state 165


State 146

   59 Exp: Exp . ASSIGNOP Exp
   60    | Exp . AND Exp
   61    | Exp . OR Exp
   61    | Exp OR Exp .
   62    | Exp . RELOP Exp
   63    | Exp . PLUS Exp
   64    | Exp . MINUS Exp
   65    | Exp . STAR Exp
   66    | Exp . DIV Exp
   72    | Exp . LB Exp RB
   73    | Exp . DOT ID
   77    | Exp . ASSIGNOP error SEMI
   78    | Exp . AND error SEMI
   79    | Exp . OR error SEMI
   80    | Exp . RELOP error SEMI
   81    | Exp . PLUS error SEMI
   82    | Exp . MINUS error SEMI
   83    | Exp . STAR error SEMI
   84    | Exp . DIV error SEMI
   89    | Exp . LB error RB

    RELOP  shift, and go to state 107
    PLUS   shift, and go to state 108
    MINUS  shift, and go to state 109
    STAR   shift, and go to state 110
    DIV    shift, and go to state 111
    AND    shift, and go to state 112
    DOT    shift, and go to state 114
    LB     shift, and go to state 115

    $default  reduce using rule 61 (Exp)


State 147

   73 Exp: Exp DOT ID .

    $default  reduce using rule 73 (Exp)


State 148

   89 Exp: Exp LB error . RB

    RB  shift, and go to state 166


State 149

   59 Exp: Exp . ASSIGNOP Exp
   60    | Exp . AND Exp
   61    | Exp . OR Exp
   62    | Exp . RELOP Exp
   63    | Exp . PLUS Exp
   64    | Exp . MINUS Exp
   65    | Exp . STAR Exp
   66    | Exp . DIV Exp
   72    | Exp . LB Exp RB
   72    | Exp LB Exp . RB
   73    | Exp . DOT ID
   77    | Exp . ASSIGNOP error SEMI
   78    | Exp . AND error SEMI
   79    | Exp . OR error SEMI
   80    | Exp . RELOP error SEMI
   81    | Exp . PLUS error SEMI
   82    | Exp . MINUS error SEMI
   83    | Exp . STAR error SEMI
   84    | Exp . DIV error SEMI
   89    | Exp . LB error RB

    ASSIGNOP  shift, and go to state 106
    RELOP     shift, and go to state 107
    PLUS      shift, and go to state 108
    MINUS     shift, and go to state 109
    STAR      shift, and go to state 110
    DIV       shift, and go to state 111
    AND       shift, and go to state 112
    OR        shift, and go to state 113
    DOT       shift, and go to state 114
    LB        shift, and go to state 115
    RB        shift, and go to state 167


State 150

   87 Exp: ID LP error SEMI .

    $default  reduce using rule 87 (Exp)


State 151

   88 Exp: ID LP error RP .

    $default  reduce using rule 88 (Exp)


State 152

   90 Args: Exp COMMA . Args

    INT    shift, and go to state 66
    FLOAT  shift, and go to state 67
    ID     shift, and go to state 68
    MINUS  shift, and go to state 69
    NOT    shift, and go to state 70
    LP     shift, and go to state 71

    Exp   go to state 120
    Args  go to state 168


State 153

   70 Exp: ID LP Args RP .

    $default  reduce using rule 70 (Exp)


State 154

   41 Stmt: IF error ELSE Stmt .

    $default  reduce using rule 41 (Stmt)


State 155

   39 Stmt: IF LP Exp RP . Stmt
   40     | IF LP Exp RP . Stmt ELSE Stmt

    error   shift, and go to state 65
    INT     shift, and go to state 66
    FLOAT   shift, and go to state 67
    ID      shift, and go to state 68
    MINUS   shift, and go to state 69
    NOT     shift, and go to state 70
    LP      shift, and go to state 71
    LC      shift, and go to state 26
    RETURN  shift, and go to state 72
    IF      shift, and go to state 73
    WHILE   shift, and go to state 74

    CompSt  go to state 75
    Stmt    go to state 169
    Exp     go to state 78


State 156

   43 Stmt: WHILE error RP Stmt .

    $default  reduce using rule 43 (Stmt)


State 157

   42 Stmt: WHILE LP Exp RP . Stmt

    error   shift, and go to state 65
    INT     shift, and go to state 66
    FLOAT   shift, and go to state 67
    ID      shift, and go to state 68
    MINUS   shift, and go to state 69
    NOT     shift, and go to state 70
    LP      shift, and go to state 71
    LC      shift, and go to state 26
    RETURN  shift, and go to state 72
    IF      shift, and go to state 73
    WHILE   shift, and go to state 74

    CompSt  go to state 75
    Stmt    go to state 170
    Exp     go to state 78


State 158

   77 Exp: Exp ASSIGNOP error SEMI .

    $default  reduce using rule 77 (Exp)


State 159

   80 Exp: Exp RELOP error SEMI .

    $default  reduce using rule 80 (Exp)


State 160

   81 Exp: Exp PLUS error SEMI .

    $default  reduce using rule 81 (Exp)


State 161

   82 Exp: Exp MINUS error SEMI .

    $default  reduce using rule 82 (Exp)


State 162

   83 Exp: Exp STAR error SEMI .

    $default  reduce using rule 83 (Exp)


State 163

   84 Exp: Exp DIV error SEMI .

    $default  reduce using rule 84 (Exp)


State 164

   78 Exp: Exp AND error SEMI .

    $default  reduce using rule 78 (Exp)


State 165

   79 Exp: Exp OR error SEMI .

    $default  reduce using rule 79 (Exp)


State 166

   89 Exp: Exp LB error RB .

    $default  reduce using rule 89 (Exp)


State 167

   72 Exp: Exp LB Exp RB .

    $default  reduce using rule 72 (Exp)


State 168

   90 Args: Exp COMMA Args .

    $default  reduce using rule 90 (Args)


State 169

   39 Stmt: IF LP Exp RP Stmt .
   40     | IF LP Exp RP Stmt . ELSE Stmt

    ELSE  shift, and go to state 171

    $default  reduce using rule 39 (Stmt)


State 170

   42 Stmt: WHILE LP Exp RP Stmt .

    $default  reduce using rule 42 (Stmt)


State 171

   40 Stmt: IF LP Exp RP Stmt ELSE . Stmt

    error   shift, and go to state 65
    INT     shift, and go to state 66
    FLOAT   shift, and go to state 67
    ID      shift, and go to state 68
    MINUS   shift, and go to state 69
    NOT     shift, and go to state 70
    LP      shift, and go to state 71
    LC      shift, and go to state 26
    RETURN  shift, and go to state 72
    IF      shift, and go to state 73
    WHILE   shift, and go to state 74

    CompSt  go to state 75
    Stmt    go to state 172
    Exp     go to state 78


State 172

   40 Stmt: IF LP Exp RP Stmt ELSE Stmt .

    $default  reduce using rule 40 (Stmt)
